Logfile initialized
[INFO] logfile = /Users/mpmiranda/Documents/Titanium Studio Workspace/testbarcodea13/build.log
[DEBUG] /Library/Application Support/Titanium/mobilesdk/osx/1.7.5/android/builder.py install testbarcodea13 /Users/mpmiranda/Downloads/android-sdk-macosx /Users/mpmiranda/Documents/Titanium Studio Workspace/testbarcodea13 com.negoapps.testbarcodea13 2
[INFO] Titanium SDK version: 1.7.5 (11/02/11 17:00 ab20af7)
[DEBUG] Waiting for device to be ready ...
[TRACE] adb devices returned 2 devices/emulators
[DEBUG] Device connected... (waited 0 seconds)
[DEBUG] waited 0.014518 seconds on emulator to get ready
[DEBUG] com.negoapps.testbarcodea13 installed? False
[INFO] Copying project resources..
[INFO] Detected tiapp.xml change (or assets deleted), forcing full re-build...
[TRACE] COPYING CREATED FILE: /Users/mpmiranda/Documents/Titanium Studio Workspace/testbarcodea13/Resources/android/appicon.png => /Users/mpmiranda/Documents/Titanium Studio Workspace/testbarcodea13/build/android/bin/assets/Resources/appicon.png
[TRACE] COPYING CREATED FILE: /Users/mpmiranda/Documents/Titanium Studio Workspace/testbarcodea13/Resources/android/default.png => /Users/mpmiranda/Documents/Titanium Studio Workspace/testbarcodea13/build/android/bin/assets/Resources/default.png
[TRACE] COPYING CREATED FILE: /Users/mpmiranda/Documents/Titanium Studio Workspace/testbarcodea13/Resources/app.js => /Users/mpmiranda/Documents/Titanium Studio Workspace/testbarcodea13/build/android/bin/assets/Resources/app.js
[TRACE] COPYING CREATED FILE: /Users/mpmiranda/Documents/Titanium Studio Workspace/testbarcodea13/Resources/KS_nav_ui.png => /Users/mpmiranda/Documents/Titanium Studio Workspace/testbarcodea13/build/android/bin/assets/Resources/KS_nav_ui.png
[TRACE] COPYING CREATED FILE: /Users/mpmiranda/Documents/Titanium Studio Workspace/testbarcodea13/Resources/KS_nav_views.png => /Users/mpmiranda/Documents/Titanium Studio Workspace/testbarcodea13/build/android/bin/assets/Resources/KS_nav_views.png
[TRACE] Generating Java Classes
[DEBUG] Processing Android resource drawables
[INFO] Copying platform-specific files for 'barcode' module
[DEBUG] app stylesheet => /Users/mpmiranda/Documents/Titanium Studio Workspace/testbarcodea13/build/android/gen/com/negoapps/testbarcodea13/ApplicationStylesheet.java
[DEBUG] copying app icon: /Users/mpmiranda/Documents/Titanium Studio Workspace/testbarcodea13/build/android/bin/assets/Resources/appicon.png
[DEBUG] generating theme.xml
[DEBUG] found drawable-long-land-hdpi splash screen at /Users/mpmiranda/Documents/Titanium Studio Workspace/testbarcodea13/Resources/android/images/res-long-land-hdpi/default.png
[DEBUG] copying /Users/mpmiranda/Documents/Titanium Studio Workspace/testbarcodea13/Resources/android/images/res-long-land-hdpi/default.png splash screen to /Users/mpmiranda/Documents/Titanium Studio Workspace/testbarcodea13/build/android/res/drawable-long-land-hdpi/background.png
[DEBUG] found drawable-long-land-ldpi splash screen at /Users/mpmiranda/Documents/Titanium Studio Workspace/testbarcodea13/Resources/android/images/res-long-land-ldpi/default.png
[DEBUG] copying /Users/mpmiranda/Documents/Titanium Studio Workspace/testbarcodea13/Resources/android/images/res-long-land-ldpi/default.png splash screen to /Users/mpmiranda/Documents/Titanium Studio Workspace/testbarcodea13/build/android/res/drawable-long-land-ldpi/background.png
[DEBUG] found drawable-long-port-hdpi splash screen at /Users/mpmiranda/Documents/Titanium Studio Workspace/testbarcodea13/Resources/android/images/res-long-port-hdpi/default.png
[DEBUG] copying /Users/mpmiranda/Documents/Titanium Studio Workspace/testbarcodea13/Resources/android/images/res-long-port-hdpi/default.png splash screen to /Users/mpmiranda/Documents/Titanium Studio Workspace/testbarcodea13/build/android/res/drawable-long-port-hdpi/background.png
[DEBUG] found drawable-long-port-ldpi splash screen at /Users/mpmiranda/Documents/Titanium Studio Workspace/testbarcodea13/Resources/android/images/res-long-port-ldpi/default.png
[DEBUG] copying /Users/mpmiranda/Documents/Titanium Studio Workspace/testbarcodea13/Resources/android/images/res-long-port-ldpi/default.png splash screen to /Users/mpmiranda/Documents/Titanium Studio Workspace/testbarcodea13/build/android/res/drawable-long-port-ldpi/background.png
[DEBUG] found drawable-notlong-land-hdpi splash screen at /Users/mpmiranda/Documents/Titanium Studio Workspace/testbarcodea13/Resources/android/images/res-notlong-land-hdpi/default.png
[DEBUG] copying /Users/mpmiranda/Documents/Titanium Studio Workspace/testbarcodea13/Resources/android/images/res-notlong-land-hdpi/default.png splash screen to /Users/mpmiranda/Documents/Titanium Studio Workspace/testbarcodea13/build/android/res/drawable-notlong-land-hdpi/background.png
[DEBUG] found drawable-notlong-land-ldpi splash screen at /Users/mpmiranda/Documents/Titanium Studio Workspace/testbarcodea13/Resources/android/images/res-notlong-land-ldpi/default.png
[DEBUG] copying /Users/mpmiranda/Documents/Titanium Studio Workspace/testbarcodea13/Resources/android/images/res-notlong-land-ldpi/default.png splash screen to /Users/mpmiranda/Documents/Titanium Studio Workspace/testbarcodea13/build/android/res/drawable-notlong-land-ldpi/background.png
[DEBUG] found drawable-notlong-land-mdpi splash screen at /Users/mpmiranda/Documents/Titanium Studio Workspace/testbarcodea13/Resources/android/images/res-notlong-land-mdpi/default.png
[DEBUG] copying /Users/mpmiranda/Documents/Titanium Studio Workspace/testbarcodea13/Resources/android/images/res-notlong-land-mdpi/default.png splash screen to /Users/mpmiranda/Documents/Titanium Studio Workspace/testbarcodea13/build/android/res/drawable-notlong-land-mdpi/background.png
[DEBUG] found drawable-notlong-port-hdpi splash screen at /Users/mpmiranda/Documents/Titanium Studio Workspace/testbarcodea13/Resources/android/images/res-notlong-port-hdpi/default.png
[DEBUG] copying /Users/mpmiranda/Documents/Titanium Studio Workspace/testbarcodea13/Resources/android/images/res-notlong-port-hdpi/default.png splash screen to /Users/mpmiranda/Documents/Titanium Studio Workspace/testbarcodea13/build/android/res/drawable-notlong-port-hdpi/background.png
[DEBUG] found drawable-notlong-port-ldpi splash screen at /Users/mpmiranda/Documents/Titanium Studio Workspace/testbarcodea13/Resources/android/images/res-notlong-port-ldpi/default.png
[DEBUG] copying /Users/mpmiranda/Documents/Titanium Studio Workspace/testbarcodea13/Resources/android/images/res-notlong-port-ldpi/default.png splash screen to /Users/mpmiranda/Documents/Titanium Studio Workspace/testbarcodea13/build/android/res/drawable-notlong-port-ldpi/background.png
[DEBUG] found drawable-notlong-port-mdpi splash screen at /Users/mpmiranda/Documents/Titanium Studio Workspace/testbarcodea13/Resources/android/images/res-notlong-port-mdpi/default.png
[DEBUG] copying /Users/mpmiranda/Documents/Titanium Studio Workspace/testbarcodea13/Resources/android/images/res-notlong-port-mdpi/default.png splash screen to /Users/mpmiranda/Documents/Titanium Studio Workspace/testbarcodea13/build/android/res/drawable-notlong-port-mdpi/background.png
[DEBUG] found splash screen at /Users/mpmiranda/Documents/Titanium Studio Workspace/testbarcodea13/build/android/bin/assets/Resources/default.png
[TRACE] Writing out AndroidManifest.xml
[DEBUG] adding /Users/mpmiranda/Documents/Titanium Studio Workspace/testbarcodea13/build/android/gen/com/negoapps/testbarcodea13/ApplicationStylesheet.java to javac build list
[DEBUG] adding /Users/mpmiranda/Documents/Titanium Studio Workspace/testbarcodea13/build/android/gen/com/negoapps/testbarcodea13/R.java to javac build list
[DEBUG] adding /Users/mpmiranda/Documents/Titanium Studio Workspace/testbarcodea13/build/android/gen/com/negoapps/testbarcodea13/Testbarcodea13Activity.java to javac build list
[DEBUG] adding /Users/mpmiranda/Documents/Titanium Studio Workspace/testbarcodea13/build/android/gen/com/negoapps/testbarcodea13/Testbarcodea13AppInfo.java to javac build list
[DEBUG] adding /Users/mpmiranda/Documents/Titanium Studio Workspace/testbarcodea13/build/android/gen/com/negoapps/testbarcodea13/Testbarcodea13Application.java to javac build list
[DEBUG] Building Java Sources: "/Users/mpmiranda/Documents/Titanium Studio Workspace/testbarcodea13/build/android/gen/com/negoapps/testbarcodea13/ApplicationStylesheet.java" "/Users/mpmiranda/Documents/Titanium Studio Workspace/testbarcodea13/build/android/gen/com/negoapps/testbarcodea13/R.java" "/Users/mpmiranda/Documents/Titanium Studio Workspace/testbarcodea13/build/android/gen/com/negoapps/testbarcodea13/Testbarcodea13Activity.java" "/Users/mpmiranda/Documents/Titanium Studio Workspace/testbarcodea13/build/android/gen/com/negoapps/testbarcodea13/Testbarcodea13AppInfo.java" "/Users/mpmiranda/Documents/Titanium Studio Workspace/testbarcodea13/build/android/gen/com/negoapps/testbarcodea13/Testbarcodea13Application.java"
[INFO] Compiling Android Resources... This could take some time
[DEBUG] Android classes.dex built
[DEBUG] creating unsigned apk: /Users/mpmiranda/Documents/Titanium Studio Workspace/testbarcodea13/build/android/bin/app-unsigned.apk
[DEBUG] from resource zip => assets/Resources/KS_nav_ui.png
[DEBUG] from resource zip => assets/Resources/KS_nav_views.png
[DEBUG] from resource zip => assets/Resources/app.js
[DEBUG] from resource zip => assets/Resources/appicon.png
[DEBUG] from resource zip => assets/Resources/default.png
[DEBUG] from resource zip => assets/tiapp.xml
[DEBUG] from resource zip => res/drawable/appicon.png
[DEBUG] from resource zip => res/drawable/background.png
[DEBUG] from resource zip => res/drawable/launcher_icon.png
[DEBUG] from resource zip => res/drawable/share_via_barcode.png
[DEBUG] from resource zip => res/drawable/shopper_icon.png
[DEBUG] from resource zip => res/layout/bookmark_picker_list_item.xml
[DEBUG] from resource zip => res/layout/capture.xml
[DEBUG] from resource zip => res/layout/encode.xml
[DEBUG] from resource zip => res/layout/help.xml
[DEBUG] from resource zip => res/layout/network.xml
[DEBUG] from resource zip => res/layout/search_book_contents.xml
[DEBUG] from resource zip => res/layout/search_book_contents_header.xml
[DEBUG] from resource zip => res/layout/search_book_contents_list_item.xml
[DEBUG] from resource zip => res/layout/share.xml
[DEBUG] from resource zip => res/layout/titanium_tabgroup.xml
[DEBUG] from resource zip => res/raw/beep.ogg
[DEBUG] from resource zip => res/xml/preferences.xml
[DEBUG] from resource zip => AndroidManifest.xml
[DEBUG] from resource zip => resources.arsc
[DEBUG] from resource zip => res/drawable-hdpi/launcher_icon.png
[DEBUG] from resource zip => res/drawable-hdpi/shopper_icon.png
[DEBUG] from resource zip => res/layout-ldpi/capture.xml
[DEBUG] from resource zip => res/layout-land/encode.xml
[DEBUG] from resource zip => res/layout-land/share.xml
[DEBUG] from resource zip => res/drawable-long-land-hdpi/background.png
[DEBUG] from resource zip => res/drawable-long-land-ldpi/background.png
[DEBUG] from resource zip => res/drawable-long-port-hdpi/background.png
[DEBUG] from resource zip => res/drawable-long-port-ldpi/background.png
[DEBUG] from resource zip => res/drawable-notlong-land-hdpi/background.png
[DEBUG] from resource zip => res/drawable-notlong-land-ldpi/background.png
[DEBUG] from resource zip => res/drawable-notlong-land-mdpi/background.png
[DEBUG] from resource zip => res/drawable-notlong-port-hdpi/background.png
[DEBUG] from resource zip => res/drawable-notlong-port-ldpi/background.png
[DEBUG] from resource zip => res/drawable-notlong-port-mdpi/background.png
[DEBUG] from JAR /Users/mpmiranda/Documents/Titanium Studio Workspace/testbarcodea13/modules/android/ti.barcode/1.3/barcode.jar => assets/html/about1d.html
[DEBUG] from JAR /Users/mpmiranda/Documents/Titanium Studio Workspace/testbarcodea13/modules/android/ti.barcode/1.3/barcode.jar => assets/html/about2d.html
[DEBUG] from JAR /Users/mpmiranda/Documents/Titanium Studio Workspace/testbarcodea13/modules/android/ti.barcode/1.3/barcode.jar => assets/html/index.html
[DEBUG] from JAR /Users/mpmiranda/Documents/Titanium Studio Workspace/testbarcodea13/modules/android/ti.barcode/1.3/barcode.jar => assets/html/scanning.html
[DEBUG] from JAR /Users/mpmiranda/Documents/Titanium Studio Workspace/testbarcodea13/modules/android/ti.barcode/1.3/barcode.jar => assets/html/sharing.html
[DEBUG] from JAR /Users/mpmiranda/Documents/Titanium Studio Workspace/testbarcodea13/modules/android/ti.barcode/1.3/barcode.jar => assets/html/style.css
[DEBUG] from JAR /Users/mpmiranda/Documents/Titanium Studio Workspace/testbarcodea13/modules/android/ti.barcode/1.3/barcode.jar => assets/html/whatsnew.html
[DEBUG] from JAR /Users/mpmiranda/Documents/Titanium Studio Workspace/testbarcodea13/modules/android/ti.barcode/1.3/barcode.jar => assets/images/big-1d.png
[DEBUG] from JAR /Users/mpmiranda/Documents/Titanium Studio Workspace/testbarcodea13/modules/android/ti.barcode/1.3/barcode.jar => assets/images/big-qr.png
[DEBUG] from JAR /Users/mpmiranda/Documents/Titanium Studio Workspace/testbarcodea13/modules/android/ti.barcode/1.3/barcode.jar => assets/images/contact-results-screen.jpg
[DEBUG] from JAR /Users/mpmiranda/Documents/Titanium Studio Workspace/testbarcodea13/modules/android/ti.barcode/1.3/barcode.jar => assets/images/demo-no.png
[DEBUG] from JAR /Users/mpmiranda/Documents/Titanium Studio Workspace/testbarcodea13/modules/android/ti.barcode/1.3/barcode.jar => assets/images/demo-yes.png
[DEBUG] from JAR /Users/mpmiranda/Documents/Titanium Studio Workspace/testbarcodea13/modules/android/ti.barcode/1.3/barcode.jar => assets/images/scan-example.png
[DEBUG] from JAR /Users/mpmiranda/Documents/Titanium Studio Workspace/testbarcodea13/modules/android/ti.barcode/1.3/barcode.jar => assets/images/scan-from-phone.png
[DEBUG] from JAR /Users/mpmiranda/Documents/Titanium Studio Workspace/testbarcodea13/modules/android/ti.barcode/1.3/barcode.jar => assets/images/search-book-contents.jpg
[DEBUG] from JAR /Library/Application Support/Titanium/mobilesdk/osx/1.7.5/android/titanium.jar => org/apache/Commons-NOTICE.txt
[DEBUG] from JAR /Library/Application Support/Titanium/mobilesdk/osx/1.7.5/android/titanium.jar => org/apache/HttpComponents-NOTICE.txt
[DEBUG] from JAR /Library/Application Support/Titanium/mobilesdk/osx/1.7.5/android/titanium.jar => org/apache/mime4j-NOTICE.txt
[DEBUG] from JAR /Library/Application Support/Titanium/mobilesdk/osx/1.7.5/android/titanium.jar => org/appcelerator/titanium/build.properties
[DEBUG] from JAR /Library/Application Support/Titanium/mobilesdk/osx/1.7.5/android/titanium.jar => org/appcelerator/titanium/res/drawable/background.png
[DEBUG] from JAR /Library/Application Support/Titanium/mobilesdk/osx/1.7.5/android/titanium.jar => org/appcelerator/titanium/res/drawable/btn_check_buttonless_on.png
[DEBUG] from JAR /Library/Application Support/Titanium/mobilesdk/osx/1.7.5/android/titanium.jar => org/appcelerator/titanium/res/drawable/btn_check_buttonless_on_18.png
[DEBUG] from JAR /Library/Application Support/Titanium/mobilesdk/osx/1.7.5/android/titanium.jar => org/appcelerator/titanium/res/drawable/btn_check_buttonless_on_48.png
[DEBUG] from JAR /Library/Application Support/Titanium/mobilesdk/osx/1.7.5/android/titanium.jar => org/appcelerator/titanium/res/drawable/btn_more.png
[DEBUG] from JAR /Library/Application Support/Titanium/mobilesdk/osx/1.7.5/android/titanium.jar => org/appcelerator/titanium/res/drawable/btn_more_18.png
[DEBUG] from JAR /Library/Application Support/Titanium/mobilesdk/osx/1.7.5/android/titanium.jar => org/appcelerator/titanium/res/drawable/btn_more_48.png
[DEBUG] from JAR /Library/Application Support/Titanium/mobilesdk/osx/1.7.5/android/titanium.jar => org/appcelerator/titanium/res/drawable/btn_picker_normal.9.png
[DEBUG] from JAR /Library/Application Support/Titanium/mobilesdk/osx/1.7.5/android/titanium.jar => org/appcelerator/titanium/res/drawable/btn_picker_pressed.9.png
[DEBUG] from JAR /Library/Application Support/Titanium/mobilesdk/osx/1.7.5/android/titanium.jar => org/appcelerator/titanium/res/drawable/btn_picker_selected.9.png
[DEBUG] from JAR /Library/Application Support/Titanium/mobilesdk/osx/1.7.5/android/titanium.jar => org/appcelerator/titanium/res/drawable/default_icon.png
[DEBUG] from JAR /Library/Application Support/Titanium/mobilesdk/osx/1.7.5/android/titanium.jar => org/appcelerator/titanium/res/drawable/photoDefault.png
[DEBUG] from JAR /Library/Application Support/Titanium/mobilesdk/osx/1.7.5/android/smalljs.jar => org/mozilla/javascript/resources/Messages.properties
[DEBUG] from JAR /Library/Application Support/Titanium/mobilesdk/osx/1.7.5/android/smalljs.jar => org/mozilla/javascript/resources/Messages_fr.properties
[DEBUG] from JAR /Library/Application Support/Titanium/mobilesdk/osx/1.7.5/android/modules/titanium-ui.jar => ti/modules/titanium/ui/widget/webview/binding.js
[DEBUG] from JAR /Library/Application Support/Titanium/mobilesdk/osx/1.7.5/android/modules/titanium-ui.jar => ti/modules/titanium/ui/widget/webview/binding.min.js
[DEBUG] from JAR /Library/Application Support/Titanium/mobilesdk/osx/1.7.5/android/modules/titanium-ui.jar => ti/modules/titanium/ui/widget/webview/json2.js
[DEBUG] Waiting for device to be ready ...
[TRACE] adb devices returned 2 devices/emulators
[DEBUG] Device connected... (waited 0 seconds)
[DEBUG] waited 0.012692 seconds on emulator to get ready
[INFO] Installing application on emulator
[INFO] Application installed. Launch from drawer on Home Screen
[INFO] Android Emulator has exited
